 Updating Android plugins in 42.80ms
Ã— update android - failed!
[error] Unable to find node_modules/@capacitor/android.
        Are you sure @capacitor/android is installed?
PS C:\Users\joe\OneDrive\Documents\GitHub\JitsPlannerPro13> cd android
PS C:\Users\joe\OneDrive\Documents\GitHub\JitsPlannerPro13\android> .\gradlew assembleRelease
Starting a Gradle Daemon (subsequent builds will be faster)

> Configure project :app
WARNING: Using flatDir should be avoided because it doesn't support any meta-data formats.

[Incubating] Problems report is available at: file:///C:/Users/joe/OneDrive/Documents/GitHub/JitsPlannerPro13/android/build/reports/problems/problems-report.html

FAILURE: Build completed with 2 failures.

1: Task failed with an exception.
-----------
* Where:
Script 'C:\Users\joe\OneDrive\Documents\GitHub\JitsPlannerPro13\android\app\capacitor.build.gradle' line: 10

* What went wrong:
A problem occurred evaluating script.
> Could not read script 'C:\Users\joe\OneDrive\Documents\GitHub\JitsPlannerPro13\android\capacitor-cordova-android-plugins\cordova.variables.gradle' as it does not exist.

* Try:
> Run with --stacktrace option to get the stack trace.
> Run with --info or --debug option to get more log output.
> Run with --scan to get full insights.
> Get more help at https://help.gradle.org.
==============================================================================

2: Task failed with an exception.
-----------
* Where:
Script 'C:\Users\joe\OneDrive\Documents\GitHub\JitsPlannerPro13\android\app\capacitor.build.gradle' line: 10

* What went wrong:
A problem occurred evaluating script.
> Could not read script 'C:\Users\joe\OneDrive\Documents\GitHub\JitsPlannerPro13\android\capacitor-cordova-android-plugins\cordova.variables.gradle' as it does not exist.

* Try:
> Run with --stacktrace option to get the stack trace.
> Run with --info or --debug option to get more log output.
> Run with --scan to get full insights.
> Get more help at https://help.gradle.org.
==============================================================================

Deprecated Gradle features were used in this build, making it incompatible with Gradle 9.0.

You can use '--warning-mode all' to show the individual deprecation warnings and determine if they come from your own scripts or plugins.

For more on this, please refer to https://docs.gradle.org/8.13/userguide/command_line_interface.html#sec:command_line_warnings in the Gradle documentation.

BUILD FAILED in 20s
PS C:\Users\joe\OneDrive\Documents\GitHub\JitsPlannerPro13\android>
